find_header: checking for sqlite3.h... -------------------- yes

"gcc -o conftest -I/usr/local/ruby20/include/ruby-2.0.0/x86_64-linux -I/usr/local/ruby20/include/ruby-2.0.0/ruby/backward -I/usr/local/ruby20/include/ruby-2.0.0 -I.    -O2 -g -mtune=generic -Wall -fno-strict-aliasing -fPIC conftest.c  -L. -L/usr/local/ruby20/lib64 -Wl,-R/usr/local/ruby20/lib64 -L. -fstack-protector -rdynamic -Wl,-export-dynamic  -m64   -Wl,-R -Wl,/usr/local/ruby20/lib64 -L/usr/local/ruby20/lib64 -lruby  -lpthread -lrt -ldl -lcrypt -lm   -lc"
checked program was:
/* begin */
1: #include "ruby.h"
2: 
3: int main(int argc, char **argv)
4: {
5:   return 0;
6: }
/* end */

"gcc -E -I/usr/local/ruby20/include/ruby-2.0.0/x86_64-linux -I/usr/local/ruby20/include/ruby-2.0.0/ruby/backward -I/usr/local/ruby20/include/ruby-2.0.0 -I.    -O2 -g -mtune=generic -Wall -fno-strict-aliasing -fPIC  conftest.c -o conftest.i"
checked program was:
/* begin */
1: #include "ruby.h"
2: 
3: #include <sqlite3.h>
/* end */

--------------------

find_library: checking for sqlite3_libversion_number() in -lsqlite3... -------------------- yes

"gcc -o conftest -I/usr/local/ruby20/include/ruby-2.0.0/x86_64-linux -I/usr/local/ruby20/include/ruby-2.0.0/ruby/backward -I/usr/local/ruby20/include/ruby-2.0.0 -I.    -O2 -g -mtune=generic -Wall -fno-strict-aliasing -fPIC conftest.c  -L. -L/usr/local/ruby20/lib64 -Wl,-R/usr/local/ruby20/lib64 -L. -fstack-protector -rdynamic -Wl,-export-dynamic  -m64   -Wl,-R -Wl,/usr/local/ruby20/lib64 -L/usr/local/ruby20/lib64 -lruby -lsqlite3  -lpthread -lrt -ldl -lcrypt -lm   -lc"
conftest.c: In function ‘t’:
conftest.c:5: error: ‘sqlite3_libversion_number’ undeclared (first use in this function)
conftest.c:5: error: (Each undeclared identifier is reported only once
conftest.c:5: error: for each function it appears in.)
checked program was:
/* begin */
 1: #include "ruby.h"
 2: 
 3: /*top*/
 4: extern int t(void);
 5: int t(void) { void ((*volatile p)()); p = (void ((*)()))sqlite3_libversion_number; return 0; }
 6: int main(int argc, char **argv)
 7: {
 8:   if (argc > 1000000) {
 9:     printf("%p", &t);
10:   }
11: 
12:   return 0;
13: }
/* end */

"gcc -o conftest -I/usr/local/ruby20/include/ruby-2.0.0/x86_64-linux -I/usr/local/ruby20/include/ruby-2.0.0/ruby/backward -I/usr/local/ruby20/include/ruby-2.0.0 -I.    -O2 -g -mtune=generic -Wall -fno-strict-aliasing -fPIC conftest.c  -L. -L/usr/local/ruby20/lib64 -Wl,-R/usr/local/ruby20/lib64 -L. -fstack-protector -rdynamic -Wl,-export-dynamic  -m64   -Wl,-R -Wl,/usr/local/ruby20/lib64 -L/usr/local/ruby20/lib64 -lruby -lsqlite3  -lpthread -lrt -ldl -lcrypt -lm   -lc"
conftest.c: In function ‘t’:
conftest.c:5: warning: implicit declaration of function ‘sqlite3_libversion_number’
checked program was:
/* begin */
 1: #include "ruby.h"
 2: 
 3: /*top*/
 4: extern int t(void);
 5: int t(void) { sqlite3_libversion_number(); return 0; }
 6: int main(int argc, char **argv)
 7: {
 8:   if (argc > 1000000) {
 9:     printf("%p", &t);
10:   }
11: 
12:   return 0;
13: }
/* end */

--------------------

have_func: checking for rb_proc_arity()... -------------------- yes

"gcc -o conftest -I/usr/local/ruby20/include/ruby-2.0.0/x86_64-linux -I/usr/local/ruby20/include/ruby-2.0.0/ruby/backward -I/usr/local/ruby20/include/ruby-2.0.0 -I.    -O2 -g -mtune=generic -Wall -fno-strict-aliasing -fPIC conftest.c  -L. -L/usr/local/ruby20/lib64 -Wl,-R/usr/local/ruby20/lib64 -L. -fstack-protector -rdynamic -Wl,-export-dynamic  -m64  -lsqlite3  -Wl,-R -Wl,/usr/local/ruby20/lib64 -L/usr/local/ruby20/lib64 -lruby -lsqlite3  -lpthread -lrt -ldl -lcrypt -lm   -lc"
checked program was:
/* begin */
 1: #include "ruby.h"
 2: 
 3: /*top*/
 4: extern int t(void);
 5: int t(void) { void ((*volatile p)()); p = (void ((*)()))rb_proc_arity; return 0; }
 6: int main(int argc, char **argv)
 7: {
 8:   if (argc > 1000000) {
 9:     printf("%p", &t);
10:   }
11: 
12:   return 0;
13: }
/* end */

--------------------

have_func: checking for rb_integer_pack()... -------------------- no

"gcc -o conftest -I/usr/local/ruby20/include/ruby-2.0.0/x86_64-linux -I/usr/local/ruby20/include/ruby-2.0.0/ruby/backward -I/usr/local/ruby20/include/ruby-2.0.0 -I.    -O2 -g -mtune=generic -Wall -fno-strict-aliasing -fPIC conftest.c  -L. -L/usr/local/ruby20/lib64 -Wl,-R/usr/local/ruby20/lib64 -L. -fstack-protector -rdynamic -Wl,-export-dynamic  -m64  -lsqlite3  -Wl,-R -Wl,/usr/local/ruby20/lib64 -L/usr/local/ruby20/lib64 -lruby -lsqlite3  -lpthread -lrt -ldl -lcrypt -lm   -lc"
conftest.c: In function ‘t’:
conftest.c:5: error: ‘rb_integer_pack’ undeclared (first use in this function)
conftest.c:5: error: (Each undeclared identifier is reported only once
conftest.c:5: error: for each function it appears in.)
checked program was:
/* begin */
 1: #include "ruby.h"
 2: 
 3: /*top*/
 4: extern int t(void);
 5: int t(void) { void ((*volatile p)()); p = (void ((*)()))rb_integer_pack; return 0; }
 6: int main(int argc, char **argv)
 7: {
 8:   if (argc > 1000000) {
 9:     printf("%p", &t);
10:   }
11: 
12:   return 0;
13: }
/* end */

"gcc -o conftest -I/usr/local/ruby20/include/ruby-2.0.0/x86_64-linux -I/usr/local/ruby20/include/ruby-2.0.0/ruby/backward -I/usr/local/ruby20/include/ruby-2.0.0 -I.    -O2 -g -mtune=generic -Wall -fno-strict-aliasing -fPIC conftest.c  -L. -L/usr/local/ruby20/lib64 -Wl,-R/usr/local/ruby20/lib64 -L. -fstack-protector -rdynamic -Wl,-export-dynamic  -m64  -lsqlite3  -Wl,-R -Wl,/usr/local/ruby20/lib64 -L/usr/local/ruby20/lib64 -lruby -lsqlite3  -lpthread -lrt -ldl -lcrypt -lm   -lc"
conftest.c: In function ‘t’:
conftest.c:5: warning: implicit declaration of function ‘rb_integer_pack’
/tmp/cc8Zmt2g.o: In function `t':
/home/podzieko/allegroapp/artrhandpoducts/vendor/bundle/ruby/2.0.0/gems/sqlite3-1.3.11/ext/sqlite3/conftest.c:5: undefined reference to `rb_integer_pack'
collect2: ld returned 1 exit status
checked program was:
/* begin */
 1: #include "ruby.h"
 2: 
 3: /*top*/
 4: extern int t(void);
 5: int t(void) { rb_integer_pack(); return 0; }
 6: int main(int argc, char **argv)
 7: {
 8:   if (argc > 1000000) {
 9:     printf("%p", &t);
10:   }
11: 
12:   return 0;
13: }
/* end */

--------------------

have_func: checking for sqlite3_initialize()... -------------------- no

"gcc -o conftest -I/usr/local/ruby20/include/ruby-2.0.0/x86_64-linux -I/usr/local/ruby20/include/ruby-2.0.0/ruby/backward -I/usr/local/ruby20/include/ruby-2.0.0 -I.    -O2 -g -mtune=generic -Wall -fno-strict-aliasing -fPIC conftest.c  -L. -L/usr/local/ruby20/lib64 -Wl,-R/usr/local/ruby20/lib64 -L. -fstack-protector -rdynamic -Wl,-export-dynamic  -m64  -lsqlite3  -Wl,-R -Wl,/usr/local/ruby20/lib64 -L/usr/local/ruby20/lib64 -lruby -lsqlite3  -lpthread -lrt -ldl -lcrypt -lm   -lc"
conftest.c: In function ‘t’:
conftest.c:5: error: ‘sqlite3_initialize’ undeclared (first use in this function)
conftest.c:5: error: (Each undeclared identifier is reported only once
conftest.c:5: error: for each function it appears in.)
checked program was:
/* begin */
 1: #include "ruby.h"
 2: 
 3: /*top*/
 4: extern int t(void);
 5: int t(void) { void ((*volatile p)()); p = (void ((*)()))sqlite3_initialize; return 0; }
 6: int main(int argc, char **argv)
 7: {
 8:   if (argc > 1000000) {
 9:     printf("%p", &t);
10:   }
11: 
12:   return 0;
13: }
/* end */

"gcc -o conftest -I/usr/local/ruby20/include/ruby-2.0.0/x86_64-linux -I/usr/local/ruby20/include/ruby-2.0.0/ruby/backward -I/usr/local/ruby20/include/ruby-2.0.0 -I.    -O2 -g -mtune=generic -Wall -fno-strict-aliasing -fPIC conftest.c  -L. -L/usr/local/ruby20/lib64 -Wl,-R/usr/local/ruby20/lib64 -L. -fstack-protector -rdynamic -Wl,-export-dynamic  -m64  -lsqlite3  -Wl,-R -Wl,/usr/local/ruby20/lib64 -L/usr/local/ruby20/lib64 -lruby -lsqlite3  -lpthread -lrt -ldl -lcrypt -lm   -lc"
conftest.c: In function ‘t’:
conftest.c:5: warning: implicit declaration of function ‘sqlite3_initialize’
/tmp/ccGmhnuH.o: In function `t':
/home/podzieko/allegroapp/artrhandpoducts/vendor/bundle/ruby/2.0.0/gems/sqlite3-1.3.11/ext/sqlite3/conftest.c:5: undefined reference to `sqlite3_initialize'
collect2: ld returned 1 exit status
checked program was:
/* begin */
 1: #include "ruby.h"
 2: 
 3: /*top*/
 4: extern int t(void);
 5: int t(void) { sqlite3_initialize(); return 0; }
 6: int main(int argc, char **argv)
 7: {
 8:   if (argc > 1000000) {
 9:     printf("%p", &t);
10:   }
11: 
12:   return 0;
13: }
/* end */

--------------------

have_func: checking for sqlite3_backup_init()... -------------------- no

"gcc -o conftest -I/usr/local/ruby20/include/ruby-2.0.0/x86_64-linux -I/usr/local/ruby20/include/ruby-2.0.0/ruby/backward -I/usr/local/ruby20/include/ruby-2.0.0 -I.    -O2 -g -mtune=generic -Wall -fno-strict-aliasing -fPIC conftest.c  -L. -L/usr/local/ruby20/lib64 -Wl,-R/usr/local/ruby20/lib64 -L. -fstack-protector -rdynamic -Wl,-export-dynamic  -m64  -lsqlite3  -Wl,-R -Wl,/usr/local/ruby20/lib64 -L/usr/local/ruby20/lib64 -lruby -lsqlite3  -lpthread -lrt -ldl -lcrypt -lm   -lc"
conftest.c: In function ‘t’:
conftest.c:5: error: ‘sqlite3_backup_init’ undeclared (first use in this function)
conftest.c:5: error: (Each undeclared identifier is reported only once
conftest.c:5: error: for each function it appears in.)
checked program was:
/* begin */
 1: #include "ruby.h"
 2: 
 3: /*top*/
 4: extern int t(void);
 5: int t(void) { void ((*volatile p)()); p = (void ((*)()))sqlite3_backup_init; return 0; }
 6: int main(int argc, char **argv)
 7: {
 8:   if (argc > 1000000) {
 9:     printf("%p", &t);
10:   }
11: 
12:   return 0;
13: }
/* end */

"gcc -o conftest -I/usr/local/ruby20/include/ruby-2.0.0/x86_64-linux -I/usr/local/ruby20/include/ruby-2.0.0/ruby/backward -I/usr/local/ruby20/include/ruby-2.0.0 -I.    -O2 -g -mtune=generic -Wall -fno-strict-aliasing -fPIC conftest.c  -L. -L/usr/local/ruby20/lib64 -Wl,-R/usr/local/ruby20/lib64 -L. -fstack-protector -rdynamic -Wl,-export-dynamic  -m64  -lsqlite3  -Wl,-R -Wl,/usr/local/ruby20/lib64 -L/usr/local/ruby20/lib64 -lruby -lsqlite3  -lpthread -lrt -ldl -lcrypt -lm   -lc"
conftest.c: In function ‘t’:
conftest.c:5: warning: implicit declaration of function ‘sqlite3_backup_init’
/tmp/ccoqzE29.o: In function `t':
/home/podzieko/allegroapp/artrhandpoducts/vendor/bundle/ruby/2.0.0/gems/sqlite3-1.3.11/ext/sqlite3/conftest.c:5: undefined reference to `sqlite3_backup_init'
collect2: ld returned 1 exit status
checked program was:
/* begin */
 1: #include "ruby.h"
 2: 
 3: /*top*/
 4: extern int t(void);
 5: int t(void) { sqlite3_backup_init(); return 0; }
 6: int main(int argc, char **argv)
 7: {
 8:   if (argc > 1000000) {
 9:     printf("%p", &t);
10:   }
11: 
12:   return 0;
13: }
/* end */

--------------------

have_func: checking for sqlite3_column_database_name()... -------------------- no

"gcc -o conftest -I/usr/local/ruby20/include/ruby-2.0.0/x86_64-linux -I/usr/local/ruby20/include/ruby-2.0.0/ruby/backward -I/usr/local/ruby20/include/ruby-2.0.0 -I.    -O2 -g -mtune=generic -Wall -fno-strict-aliasing -fPIC conftest.c  -L. -L/usr/local/ruby20/lib64 -Wl,-R/usr/local/ruby20/lib64 -L. -fstack-protector -rdynamic -Wl,-export-dynamic  -m64  -lsqlite3  -Wl,-R -Wl,/usr/local/ruby20/lib64 -L/usr/local/ruby20/lib64 -lruby -lsqlite3  -lpthread -lrt -ldl -lcrypt -lm   -lc"
conftest.c: In function ‘t’:
conftest.c:5: error: ‘sqlite3_column_database_name’ undeclared (first use in this function)
conftest.c:5: error: (Each undeclared identifier is reported only once
conftest.c:5: error: for each function it appears in.)
checked program was:
/* begin */
 1: #include "ruby.h"
 2: 
 3: /*top*/
 4: extern int t(void);
 5: int t(void) { void ((*volatile p)()); p = (void ((*)()))sqlite3_column_database_name; return 0; }
 6: int main(int argc, char **argv)
 7: {
 8:   if (argc > 1000000) {
 9:     printf("%p", &t);
10:   }
11: 
12:   return 0;
13: }
/* end */

"gcc -o conftest -I/usr/local/ruby20/include/ruby-2.0.0/x86_64-linux -I/usr/local/ruby20/include/ruby-2.0.0/ruby/backward -I/usr/local/ruby20/include/ruby-2.0.0 -I.    -O2 -g -mtune=generic -Wall -fno-strict-aliasing -fPIC conftest.c  -L. -L/usr/local/ruby20/lib64 -Wl,-R/usr/local/ruby20/lib64 -L. -fstack-protector -rdynamic -Wl,-export-dynamic  -m64  -lsqlite3  -Wl,-R -Wl,/usr/local/ruby20/lib64 -L/usr/local/ruby20/lib64 -lruby -lsqlite3  -lpthread -lrt -ldl -lcrypt -lm   -lc"
conftest.c: In function ‘t’:
conftest.c:5: warning: implicit declaration of function ‘sqlite3_column_database_name’
/tmp/cccySEMm.o: In function `t':
/home/podzieko/allegroapp/artrhandpoducts/vendor/bundle/ruby/2.0.0/gems/sqlite3-1.3.11/ext/sqlite3/conftest.c:5: undefined reference to `sqlite3_column_database_name'
collect2: ld returned 1 exit status
checked program was:
/* begin */
 1: #include "ruby.h"
 2: 
 3: /*top*/
 4: extern int t(void);
 5: int t(void) { sqlite3_column_database_name(); return 0; }
 6: int main(int argc, char **argv)
 7: {
 8:   if (argc > 1000000) {
 9:     printf("%p", &t);
10:   }
11: 
12:   return 0;
13: }
/* end */

--------------------

have_func: checking for sqlite3_enable_load_extension()... -------------------- no

"gcc -o conftest -I/usr/local/ruby20/include/ruby-2.0.0/x86_64-linux -I/usr/local/ruby20/include/ruby-2.0.0/ruby/backward -I/usr/local/ruby20/include/ruby-2.0.0 -I.    -O2 -g -mtune=generic -Wall -fno-strict-aliasing -fPIC conftest.c  -L. -L/usr/local/ruby20/lib64 -Wl,-R/usr/local/ruby20/lib64 -L. -fstack-protector -rdynamic -Wl,-export-dynamic  -m64  -lsqlite3  -Wl,-R -Wl,/usr/local/ruby20/lib64 -L/usr/local/ruby20/lib64 -lruby -lsqlite3  -lpthread -lrt -ldl -lcrypt -lm   -lc"
conftest.c: In function ‘t’:
conftest.c:5: error: ‘sqlite3_enable_load_extension’ undeclared (first use in this function)
conftest.c:5: error: (Each undeclared identifier is reported only once
conftest.c:5: error: for each function it appears in.)
checked program was:
/* begin */
 1: #include "ruby.h"
 2: 
 3: /*top*/
 4: extern int t(void);
 5: int t(void) { void ((*volatile p)()); p = (void ((*)()))sqlite3_enable_load_extension; return 0; }
 6: int main(int argc, char **argv)
 7: {
 8:   if (argc > 1000000) {
 9:     printf("%p", &t);
10:   }
11: 
12:   return 0;
13: }
/* end */

"gcc -o conftest -I/usr/local/ruby20/include/ruby-2.0.0/x86_64-linux -I/usr/local/ruby20/include/ruby-2.0.0/ruby/backward -I/usr/local/ruby20/include/ruby-2.0.0 -I.    -O2 -g -mtune=generic -Wall -fno-strict-aliasing -fPIC conftest.c  -L. -L/usr/local/ruby20/lib64 -Wl,-R/usr/local/ruby20/lib64 -L. -fstack-protector -rdynamic -Wl,-export-dynamic  -m64  -lsqlite3  -Wl,-R -Wl,/usr/local/ruby20/lib64 -L/usr/local/ruby20/lib64 -lruby -lsqlite3  -lpthread -lrt -ldl -lcrypt -lm   -lc"
conftest.c: In function ‘t’:
conftest.c:5: warning: implicit declaration of function ‘sqlite3_enable_load_extension’
/tmp/ccUh7RrI.o: In function `t':
/home/podzieko/allegroapp/artrhandpoducts/vendor/bundle/ruby/2.0.0/gems/sqlite3-1.3.11/ext/sqlite3/conftest.c:5: undefined reference to `sqlite3_enable_load_extension'
collect2: ld returned 1 exit status
checked program was:
/* begin */
 1: #include "ruby.h"
 2: 
 3: /*top*/
 4: extern int t(void);
 5: int t(void) { sqlite3_enable_load_extension(); return 0; }
 6: int main(int argc, char **argv)
 7: {
 8:   if (argc > 1000000) {
 9:     printf("%p", &t);
10:   }
11: 
12:   return 0;
13: }
/* end */

--------------------

have_func: checking for sqlite3_load_extension()... -------------------- no

"gcc -o conftest -I/usr/local/ruby20/include/ruby-2.0.0/x86_64-linux -I/usr/local/ruby20/include/ruby-2.0.0/ruby/backward -I/usr/local/ruby20/include/ruby-2.0.0 -I.    -O2 -g -mtune=generic -Wall -fno-strict-aliasing -fPIC conftest.c  -L. -L/usr/local/ruby20/lib64 -Wl,-R/usr/local/ruby20/lib64 -L. -fstack-protector -rdynamic -Wl,-export-dynamic  -m64  -lsqlite3  -Wl,-R -Wl,/usr/local/ruby20/lib64 -L/usr/local/ruby20/lib64 -lruby -lsqlite3  -lpthread -lrt -ldl -lcrypt -lm   -lc"
conftest.c: In function ‘t’:
conftest.c:5: error: ‘sqlite3_load_extension’ undeclared (first use in this function)
conftest.c:5: error: (Each undeclared identifier is reported only once
conftest.c:5: error: for each function it appears in.)
checked program was:
/* begin */
 1: #include "ruby.h"
 2: 
 3: /*top*/
 4: extern int t(void);
 5: int t(void) { void ((*volatile p)()); p = (void ((*)()))sqlite3_load_extension; return 0; }
 6: int main(int argc, char **argv)
 7: {
 8:   if (argc > 1000000) {
 9:     printf("%p", &t);
10:   }
11: 
12:   return 0;
13: }
/* end */

"gcc -o conftest -I/usr/local/ruby20/include/ruby-2.0.0/x86_64-linux -I/usr/local/ruby20/include/ruby-2.0.0/ruby/backward -I/usr/local/ruby20/include/ruby-2.0.0 -I.    -O2 -g -mtune=generic -Wall -fno-strict-aliasing -fPIC conftest.c  -L. -L/usr/local/ruby20/lib64 -Wl,-R/usr/local/ruby20/lib64 -L. -fstack-protector -rdynamic -Wl,-export-dynamic  -m64  -lsqlite3  -Wl,-R -Wl,/usr/local/ruby20/lib64 -L/usr/local/ruby20/lib64 -lruby -lsqlite3  -lpthread -lrt -ldl -lcrypt -lm   -lc"
conftest.c: In function ‘t’:
conftest.c:5: warning: implicit declaration of function ‘sqlite3_load_extension’
/tmp/cc8lQlQg.o: In function `t':
/home/podzieko/allegroapp/artrhandpoducts/vendor/bundle/ruby/2.0.0/gems/sqlite3-1.3.11/ext/sqlite3/conftest.c:5: undefined reference to `sqlite3_load_extension'
collect2: ld returned 1 exit status
checked program was:
/* begin */
 1: #include "ruby.h"
 2: 
 3: /*top*/
 4: extern int t(void);
 5: int t(void) { sqlite3_load_extension(); return 0; }
 6: int main(int argc, char **argv)
 7: {
 8:   if (argc > 1000000) {
 9:     printf("%p", &t);
10:   }
11: 
12:   return 0;
13: }
/* end */

--------------------

have_func: checking for sqlite3_open_v2()... -------------------- no

"gcc -o conftest -I/usr/local/ruby20/include/ruby-2.0.0/x86_64-linux -I/usr/local/ruby20/include/ruby-2.0.0/ruby/backward -I/usr/local/ruby20/include/ruby-2.0.0 -I.    -O2 -g -mtune=generic -Wall -fno-strict-aliasing -fPIC conftest.c  -L. -L/usr/local/ruby20/lib64 -Wl,-R/usr/local/ruby20/lib64 -L. -fstack-protector -rdynamic -Wl,-export-dynamic  -m64  -lsqlite3  -Wl,-R -Wl,/usr/local/ruby20/lib64 -L/usr/local/ruby20/lib64 -lruby -lsqlite3  -lpthread -lrt -ldl -lcrypt -lm   -lc"
conftest.c: In function ‘t’:
conftest.c:5: error: ‘sqlite3_open_v2’ undeclared (first use in this function)
conftest.c:5: error: (Each undeclared identifier is reported only once
conftest.c:5: error: for each function it appears in.)
checked program was:
/* begin */
 1: #include "ruby.h"
 2: 
 3: /*top*/
 4: extern int t(void);
 5: int t(void) { void ((*volatile p)()); p = (void ((*)()))sqlite3_open_v2; return 0; }
 6: int main(int argc, char **argv)
 7: {
 8:   if (argc > 1000000) {
 9:     printf("%p", &t);
10:   }
11: 
12:   return 0;
13: }
/* end */

"gcc -o conftest -I/usr/local/ruby20/include/ruby-2.0.0/x86_64-linux -I/usr/local/ruby20/include/ruby-2.0.0/ruby/backward -I/usr/local/ruby20/include/ruby-2.0.0 -I.    -O2 -g -mtune=generic -Wall -fno-strict-aliasing -fPIC conftest.c  -L. -L/usr/local/ruby20/lib64 -Wl,-R/usr/local/ruby20/lib64 -L. -fstack-protector -rdynamic -Wl,-export-dynamic  -m64  -lsqlite3  -Wl,-R -Wl,/usr/local/ruby20/lib64 -L/usr/local/ruby20/lib64 -lruby -lsqlite3  -lpthread -lrt -ldl -lcrypt -lm   -lc"
conftest.c: In function ‘t’:
conftest.c:5: warning: implicit declaration of function ‘sqlite3_open_v2’
/tmp/cckUm5rI.o: In function `t':
/home/podzieko/allegroapp/artrhandpoducts/vendor/bundle/ruby/2.0.0/gems/sqlite3-1.3.11/ext/sqlite3/conftest.c:5: undefined reference to `sqlite3_open_v2'
collect2: ld returned 1 exit status
checked program was:
/* begin */
 1: #include "ruby.h"
 2: 
 3: /*top*/
 4: extern int t(void);
 5: int t(void) { sqlite3_open_v2(); return 0; }
 6: int main(int argc, char **argv)
 7: {
 8:   if (argc > 1000000) {
 9:     printf("%p", &t);
10:   }
11: 
12:   return 0;
13: }
/* end */

--------------------

have_func: checking for sqlite3_prepare_v2()... -------------------- no

"gcc -o conftest -I/usr/local/ruby20/include/ruby-2.0.0/x86_64-linux -I/usr/local/ruby20/include/ruby-2.0.0/ruby/backward -I/usr/local/ruby20/include/ruby-2.0.0 -I.    -O2 -g -mtune=generic -Wall -fno-strict-aliasing -fPIC conftest.c  -L. -L/usr/local/ruby20/lib64 -Wl,-R/usr/local/ruby20/lib64 -L. -fstack-protector -rdynamic -Wl,-export-dynamic  -m64  -lsqlite3  -Wl,-R -Wl,/usr/local/ruby20/lib64 -L/usr/local/ruby20/lib64 -lruby -lsqlite3  -lpthread -lrt -ldl -lcrypt -lm   -lc"
conftest.c: In function ‘t’:
conftest.c:5: error: ‘sqlite3_prepare_v2’ undeclared (first use in this function)
conftest.c:5: error: (Each undeclared identifier is reported only once
conftest.c:5: error: for each function it appears in.)
checked program was:
/* begin */
 1: #include "ruby.h"
 2: 
 3: /*top*/
 4: extern int t(void);
 5: int t(void) { void ((*volatile p)()); p = (void ((*)()))sqlite3_prepare_v2; return 0; }
 6: int main(int argc, char **argv)
 7: {
 8:   if (argc > 1000000) {
 9:     printf("%p", &t);
10:   }
11: 
12:   return 0;
13: }
/* end */

"gcc -o conftest -I/usr/local/ruby20/include/ruby-2.0.0/x86_64-linux -I/usr/local/ruby20/include/ruby-2.0.0/ruby/backward -I/usr/local/ruby20/include/ruby-2.0.0 -I.    -O2 -g -mtune=generic -Wall -fno-strict-aliasing -fPIC conftest.c  -L. -L/usr/local/ruby20/lib64 -Wl,-R/usr/local/ruby20/lib64 -L. -fstack-protector -rdynamic -Wl,-export-dynamic  -m64  -lsqlite3  -Wl,-R -Wl,/usr/local/ruby20/lib64 -L/usr/local/ruby20/lib64 -lruby -lsqlite3  -lpthread -lrt -ldl -lcrypt -lm   -lc"
conftest.c: In function ‘t’:
conftest.c:5: warning: implicit declaration of function ‘sqlite3_prepare_v2’
/tmp/ccMtwEg5.o: In function `t':
/home/podzieko/allegroapp/artrhandpoducts/vendor/bundle/ruby/2.0.0/gems/sqlite3-1.3.11/ext/sqlite3/conftest.c:5: undefined reference to `sqlite3_prepare_v2'
collect2: ld returned 1 exit status
checked program was:
/* begin */
 1: #include "ruby.h"
 2: 
 3: /*top*/
 4: extern int t(void);
 5: int t(void) { sqlite3_prepare_v2(); return 0; }
 6: int main(int argc, char **argv)
 7: {
 8:   if (argc > 1000000) {
 9:     printf("%p", &t);
10:   }
11: 
12:   return 0;
13: }
/* end */

--------------------

have_type: checking for sqlite3_int64 in sqlite3.h... -------------------- no

"gcc -I/usr/local/ruby20/include/ruby-2.0.0/x86_64-linux -I/usr/local/ruby20/include/ruby-2.0.0/ruby/backward -I/usr/local/ruby20/include/ruby-2.0.0 -I.    -O2 -g -mtune=generic -Wall -fno-strict-aliasing -fPIC -m64  -c conftest.c"
conftest.c:6: error: expected ‘=’, ‘,’, ‘;’, ‘asm’ or ‘__attribute__’ before ‘conftest_type’
conftest.c:7: error: ‘conftest_type’ undeclared here (not in a function)
checked program was:
/* begin */
1: #include "ruby.h"
2: 
3: #include <sqlite3.h>
4: 
5: /*top*/
6: typedef sqlite3_int64 conftest_type;
7: int conftestval[sizeof(conftest_type)?1:-1];
/* end */

--------------------

have_type: checking for sqlite3_uint64 in sqlite3.h... -------------------- no

"gcc -I/usr/local/ruby20/include/ruby-2.0.0/x86_64-linux -I/usr/local/ruby20/include/ruby-2.0.0/ruby/backward -I/usr/local/ruby20/include/ruby-2.0.0 -I.    -O2 -g -mtune=generic -Wall -fno-strict-aliasing -fPIC -m64  -c conftest.c"
conftest.c:6: error: expected ‘=’, ‘,’, ‘;’, ‘asm’ or ‘__attribute__’ before ‘conftest_type’
conftest.c:7: error: ‘conftest_type’ undeclared here (not in a function)
checked program was:
/* begin */
1: #include "ruby.h"
2: 
3: #include <sqlite3.h>
4: 
5: /*top*/
6: typedef sqlite3_uint64 conftest_type;
7: int conftestval[sizeof(conftest_type)?1:-1];
/* end */

--------------------

