find_header: checking for sqlite3.h... -------------------- yes

"gcc -E -I. -I/usr/lib/ruby/1.8/x86_64-linux -I.    -O2 -g -m64 -mtune=generic -Wall -fno-strict-aliasing  -fPIC    conftest.c -o conftest.i"
checked program was:
/* begin */
1: #include <sqlite3.h>
/* end */

--------------------

find_library: checking for sqlite3_libversion_number() in -lsqlite3... -------------------- yes

"gcc -o conftest -I. -I/usr/lib/ruby/1.8/x86_64-linux -I.    -O2 -g -m64 -mtune=generic -Wall -fno-strict-aliasing  -fPIC   conftest.c  -L. -L/usr/lib -Wl,-R/usr/lib -L.  -rdynamic -Wl,-export-dynamic     -lruby-static -lsqlite3  -lrt -ldl -lcrypt -lm   -lc"
conftest.c: In function ‘t’:
conftest.c:3: error: ‘sqlite3_libversion_number’ undeclared (first use in this function)
conftest.c:3: error: (Each undeclared identifier is reported only once
conftest.c:3: error: for each function it appears in.)
checked program was:
/* begin */
1: /*top*/
2: int main() { return 0; }
3: int t() { void ((*volatile p)()); p = (void ((*)()))sqlite3_libversion_number; return 0; }
/* end */

"gcc -o conftest -I. -I/usr/lib/ruby/1.8/x86_64-linux -I.    -O2 -g -m64 -mtune=generic -Wall -fno-strict-aliasing  -fPIC   conftest.c  -L. -L/usr/lib -Wl,-R/usr/lib -L.  -rdynamic -Wl,-export-dynamic     -lruby-static -lsqlite3  -lrt -ldl -lcrypt -lm   -lc"
conftest.c: In function ‘t’:
conftest.c:3: warning: implicit declaration of function ‘sqlite3_libversion_number’
/usr/bin/ld: skipping incompatible /usr/lib/libsqlite3.so when searching for -lsqlite3
/usr/bin/ld: skipping incompatible /usr/lib/librt.so when searching for -lrt
/usr/bin/ld: skipping incompatible /usr/lib/librt.a when searching for -lrt
/usr/bin/ld: skipping incompatible /usr/lib/libdl.so when searching for -ldl
/usr/bin/ld: skipping incompatible /usr/lib/libdl.a when searching for -ldl
/usr/bin/ld: skipping incompatible /usr/lib/libcrypt.so when searching for -lcrypt
/usr/bin/ld: skipping incompatible /usr/lib/libcrypt.a when searching for -lcrypt
/usr/bin/ld: skipping incompatible /usr/lib/libm.so when searching for -lm
/usr/bin/ld: skipping incompatible /usr/lib/libm.a when searching for -lm
/usr/bin/ld: skipping incompatible /usr/lib/libc.so when searching for -lc
/usr/bin/ld: skipping incompatible /usr/lib/libc.a when searching for -lc
/usr/bin/ld: skipping incompatible /usr/lib/libc.so when searching for -lc
/usr/bin/ld: skipping incompatible /usr/lib/libc.a when searching for -lc
checked program was:
/* begin */
1: /*top*/
2: int main() { return 0; }
3: int t() { sqlite3_libversion_number(); return 0; }
/* end */

--------------------

have_func: checking for rb_proc_arity()... -------------------- no

"gcc -o conftest -I. -I/usr/lib/ruby/1.8/x86_64-linux -I.    -O2 -g -m64 -mtune=generic -Wall -fno-strict-aliasing  -fPIC   conftest.c  -L. -L/usr/lib -Wl,-R/usr/lib -L.  -rdynamic -Wl,-export-dynamic    -lsqlite3  -lruby-static -lsqlite3  -lrt -ldl -lcrypt -lm   -lc"
conftest.c: In function ‘t’:
conftest.c:3: error: ‘rb_proc_arity’ undeclared (first use in this function)
conftest.c:3: error: (Each undeclared identifier is reported only once
conftest.c:3: error: for each function it appears in.)
checked program was:
/* begin */
1: /*top*/
2: int main() { return 0; }
3: int t() { void ((*volatile p)()); p = (void ((*)()))rb_proc_arity; return 0; }
/* end */

"gcc -o conftest -I. -I/usr/lib/ruby/1.8/x86_64-linux -I.    -O2 -g -m64 -mtune=generic -Wall -fno-strict-aliasing  -fPIC   conftest.c  -L. -L/usr/lib -Wl,-R/usr/lib -L.  -rdynamic -Wl,-export-dynamic    -lsqlite3  -lruby-static -lsqlite3  -lrt -ldl -lcrypt -lm   -lc"
conftest.c: In function ‘t’:
conftest.c:3: warning: implicit declaration of function ‘rb_proc_arity’
/usr/bin/ld: skipping incompatible /usr/lib/libsqlite3.so when searching for -lsqlite3
/usr/bin/ld: skipping incompatible /usr/lib/libsqlite3.so when searching for -lsqlite3
/usr/bin/ld: skipping incompatible /usr/lib/librt.so when searching for -lrt
/usr/bin/ld: skipping incompatible /usr/lib/librt.a when searching for -lrt
/usr/bin/ld: skipping incompatible /usr/lib/libdl.so when searching for -ldl
/usr/bin/ld: skipping incompatible /usr/lib/libdl.a when searching for -ldl
/usr/bin/ld: skipping incompatible /usr/lib/libcrypt.so when searching for -lcrypt
/usr/bin/ld: skipping incompatible /usr/lib/libcrypt.a when searching for -lcrypt
/usr/bin/ld: skipping incompatible /usr/lib/libm.so when searching for -lm
/usr/bin/ld: skipping incompatible /usr/lib/libm.a when searching for -lm
/usr/bin/ld: skipping incompatible /usr/lib/libc.so when searching for -lc
/usr/bin/ld: skipping incompatible /usr/lib/libc.a when searching for -lc
/usr/bin/ld: skipping incompatible /usr/lib/libc.so when searching for -lc
/usr/bin/ld: skipping incompatible /usr/lib/libc.a when searching for -lc
/tmp/ccEy7Y2K.o: In function `t':
/home/podzieko/allegroapp/artrhandpoducts/vendor/bundle/ruby/1.8/gems/sqlite3-1.3.11/ext/sqlite3/conftest.c:3: undefined reference to `rb_proc_arity'
collect2: ld returned 1 exit status
checked program was:
/* begin */
1: /*top*/
2: int main() { return 0; }
3: int t() { rb_proc_arity(); return 0; }
/* end */

--------------------

have_func: checking for rb_integer_pack()... -------------------- no

"gcc -o conftest -I. -I/usr/lib/ruby/1.8/x86_64-linux -I.    -O2 -g -m64 -mtune=generic -Wall -fno-strict-aliasing  -fPIC   conftest.c  -L. -L/usr/lib -Wl,-R/usr/lib -L.  -rdynamic -Wl,-export-dynamic    -lsqlite3  -lruby-static -lsqlite3  -lrt -ldl -lcrypt -lm   -lc"
conftest.c: In function ‘t’:
conftest.c:3: error: ‘rb_integer_pack’ undeclared (first use in this function)
conftest.c:3: error: (Each undeclared identifier is reported only once
conftest.c:3: error: for each function it appears in.)
checked program was:
/* begin */
1: /*top*/
2: int main() { return 0; }
3: int t() { void ((*volatile p)()); p = (void ((*)()))rb_integer_pack; return 0; }
/* end */

"gcc -o conftest -I. -I/usr/lib/ruby/1.8/x86_64-linux -I.    -O2 -g -m64 -mtune=generic -Wall -fno-strict-aliasing  -fPIC   conftest.c  -L. -L/usr/lib -Wl,-R/usr/lib -L.  -rdynamic -Wl,-export-dynamic    -lsqlite3  -lruby-static -lsqlite3  -lrt -ldl -lcrypt -lm   -lc"
conftest.c: In function ‘t’:
conftest.c:3: warning: implicit declaration of function ‘rb_integer_pack’
/usr/bin/ld: skipping incompatible /usr/lib/libsqlite3.so when searching for -lsqlite3
/usr/bin/ld: skipping incompatible /usr/lib/libsqlite3.so when searching for -lsqlite3
/usr/bin/ld: skipping incompatible /usr/lib/librt.so when searching for -lrt
/usr/bin/ld: skipping incompatible /usr/lib/librt.a when searching for -lrt
/usr/bin/ld: skipping incompatible /usr/lib/libdl.so when searching for -ldl
/usr/bin/ld: skipping incompatible /usr/lib/libdl.a when searching for -ldl
/usr/bin/ld: skipping incompatible /usr/lib/libcrypt.so when searching for -lcrypt
/usr/bin/ld: skipping incompatible /usr/lib/libcrypt.a when searching for -lcrypt
/usr/bin/ld: skipping incompatible /usr/lib/libm.so when searching for -lm
/usr/bin/ld: skipping incompatible /usr/lib/libm.a when searching for -lm
/usr/bin/ld: skipping incompatible /usr/lib/libc.so when searching for -lc
/usr/bin/ld: skipping incompatible /usr/lib/libc.a when searching for -lc
/usr/bin/ld: skipping incompatible /usr/lib/libc.so when searching for -lc
/usr/bin/ld: skipping incompatible /usr/lib/libc.a when searching for -lc
/tmp/cccNyxa4.o: In function `t':
/home/podzieko/allegroapp/artrhandpoducts/vendor/bundle/ruby/1.8/gems/sqlite3-1.3.11/ext/sqlite3/conftest.c:3: undefined reference to `rb_integer_pack'
collect2: ld returned 1 exit status
checked program was:
/* begin */
1: /*top*/
2: int main() { return 0; }
3: int t() { rb_integer_pack(); return 0; }
/* end */

--------------------

have_func: checking for sqlite3_initialize()... -------------------- no

"gcc -o conftest -I. -I/usr/lib/ruby/1.8/x86_64-linux -I.    -O2 -g -m64 -mtune=generic -Wall -fno-strict-aliasing  -fPIC   conftest.c  -L. -L/usr/lib -Wl,-R/usr/lib -L.  -rdynamic -Wl,-export-dynamic    -lsqlite3  -lruby-static -lsqlite3  -lrt -ldl -lcrypt -lm   -lc"
conftest.c: In function ‘t’:
conftest.c:3: error: ‘sqlite3_initialize’ undeclared (first use in this function)
conftest.c:3: error: (Each undeclared identifier is reported only once
conftest.c:3: error: for each function it appears in.)
checked program was:
/* begin */
1: /*top*/
2: int main() { return 0; }
3: int t() { void ((*volatile p)()); p = (void ((*)()))sqlite3_initialize; return 0; }
/* end */

"gcc -o conftest -I. -I/usr/lib/ruby/1.8/x86_64-linux -I.    -O2 -g -m64 -mtune=generic -Wall -fno-strict-aliasing  -fPIC   conftest.c  -L. -L/usr/lib -Wl,-R/usr/lib -L.  -rdynamic -Wl,-export-dynamic    -lsqlite3  -lruby-static -lsqlite3  -lrt -ldl -lcrypt -lm   -lc"
conftest.c: In function ‘t’:
conftest.c:3: warning: implicit declaration of function ‘sqlite3_initialize’
/usr/bin/ld: skipping incompatible /usr/lib/libsqlite3.so when searching for -lsqlite3
/usr/bin/ld: skipping incompatible /usr/lib/libsqlite3.so when searching for -lsqlite3
/usr/bin/ld: skipping incompatible /usr/lib/librt.so when searching for -lrt
/usr/bin/ld: skipping incompatible /usr/lib/librt.a when searching for -lrt
/usr/bin/ld: skipping incompatible /usr/lib/libdl.so when searching for -ldl
/usr/bin/ld: skipping incompatible /usr/lib/libdl.a when searching for -ldl
/usr/bin/ld: skipping incompatible /usr/lib/libcrypt.so when searching for -lcrypt
/usr/bin/ld: skipping incompatible /usr/lib/libcrypt.a when searching for -lcrypt
/usr/bin/ld: skipping incompatible /usr/lib/libm.so when searching for -lm
/usr/bin/ld: skipping incompatible /usr/lib/libm.a when searching for -lm
/usr/bin/ld: skipping incompatible /usr/lib/libc.so when searching for -lc
/usr/bin/ld: skipping incompatible /usr/lib/libc.a when searching for -lc
/usr/bin/ld: skipping incompatible /usr/lib/libc.so when searching for -lc
/usr/bin/ld: skipping incompatible /usr/lib/libc.a when searching for -lc
/tmp/ccgI1BXe.o: In function `t':
/home/podzieko/allegroapp/artrhandpoducts/vendor/bundle/ruby/1.8/gems/sqlite3-1.3.11/ext/sqlite3/conftest.c:3: undefined reference to `sqlite3_initialize'
collect2: ld returned 1 exit status
checked program was:
/* begin */
1: /*top*/
2: int main() { return 0; }
3: int t() { sqlite3_initialize(); return 0; }
/* end */

--------------------

have_func: checking for sqlite3_backup_init()... -------------------- no

"gcc -o conftest -I. -I/usr/lib/ruby/1.8/x86_64-linux -I.    -O2 -g -m64 -mtune=generic -Wall -fno-strict-aliasing  -fPIC   conftest.c  -L. -L/usr/lib -Wl,-R/usr/lib -L.  -rdynamic -Wl,-export-dynamic    -lsqlite3  -lruby-static -lsqlite3  -lrt -ldl -lcrypt -lm   -lc"
conftest.c: In function ‘t’:
conftest.c:3: error: ‘sqlite3_backup_init’ undeclared (first use in this function)
conftest.c:3: error: (Each undeclared identifier is reported only once
conftest.c:3: error: for each function it appears in.)
checked program was:
/* begin */
1: /*top*/
2: int main() { return 0; }
3: int t() { void ((*volatile p)()); p = (void ((*)()))sqlite3_backup_init; return 0; }
/* end */

"gcc -o conftest -I. -I/usr/lib/ruby/1.8/x86_64-linux -I.    -O2 -g -m64 -mtune=generic -Wall -fno-strict-aliasing  -fPIC   conftest.c  -L. -L/usr/lib -Wl,-R/usr/lib -L.  -rdynamic -Wl,-export-dynamic    -lsqlite3  -lruby-static -lsqlite3  -lrt -ldl -lcrypt -lm   -lc"
conftest.c: In function ‘t’:
conftest.c:3: warning: implicit declaration of function ‘sqlite3_backup_init’
/usr/bin/ld: skipping incompatible /usr/lib/libsqlite3.so when searching for -lsqlite3
/usr/bin/ld: skipping incompatible /usr/lib/libsqlite3.so when searching for -lsqlite3
/usr/bin/ld: skipping incompatible /usr/lib/librt.so when searching for -lrt
/usr/bin/ld: skipping incompatible /usr/lib/librt.a when searching for -lrt
/usr/bin/ld: skipping incompatible /usr/lib/libdl.so when searching for -ldl
/usr/bin/ld: skipping incompatible /usr/lib/libdl.a when searching for -ldl
/usr/bin/ld: skipping incompatible /usr/lib/libcrypt.so when searching for -lcrypt
/usr/bin/ld: skipping incompatible /usr/lib/libcrypt.a when searching for -lcrypt
/usr/bin/ld: skipping incompatible /usr/lib/libm.so when searching for -lm
/usr/bin/ld: skipping incompatible /usr/lib/libm.a when searching for -lm
/usr/bin/ld: skipping incompatible /usr/lib/libc.so when searching for -lc
/usr/bin/ld: skipping incompatible /usr/lib/libc.a when searching for -lc
/usr/bin/ld: skipping incompatible /usr/lib/libc.so when searching for -lc
/usr/bin/ld: skipping incompatible /usr/lib/libc.a when searching for -lc
/tmp/ccGeUYuw.o: In function `t':
/home/podzieko/allegroapp/artrhandpoducts/vendor/bundle/ruby/1.8/gems/sqlite3-1.3.11/ext/sqlite3/conftest.c:3: undefined reference to `sqlite3_backup_init'
collect2: ld returned 1 exit status
checked program was:
/* begin */
1: /*top*/
2: int main() { return 0; }
3: int t() { sqlite3_backup_init(); return 0; }
/* end */

--------------------

have_func: checking for sqlite3_column_database_name()... -------------------- no

"gcc -o conftest -I. -I/usr/lib/ruby/1.8/x86_64-linux -I.    -O2 -g -m64 -mtune=generic -Wall -fno-strict-aliasing  -fPIC   conftest.c  -L. -L/usr/lib -Wl,-R/usr/lib -L.  -rdynamic -Wl,-export-dynamic    -lsqlite3  -lruby-static -lsqlite3  -lrt -ldl -lcrypt -lm   -lc"
conftest.c: In function ‘t’:
conftest.c:3: error: ‘sqlite3_column_database_name’ undeclared (first use in this function)
conftest.c:3: error: (Each undeclared identifier is reported only once
conftest.c:3: error: for each function it appears in.)
checked program was:
/* begin */
1: /*top*/
2: int main() { return 0; }
3: int t() { void ((*volatile p)()); p = (void ((*)()))sqlite3_column_database_name; return 0; }
/* end */

"gcc -o conftest -I. -I/usr/lib/ruby/1.8/x86_64-linux -I.    -O2 -g -m64 -mtune=generic -Wall -fno-strict-aliasing  -fPIC   conftest.c  -L. -L/usr/lib -Wl,-R/usr/lib -L.  -rdynamic -Wl,-export-dynamic    -lsqlite3  -lruby-static -lsqlite3  -lrt -ldl -lcrypt -lm   -lc"
conftest.c: In function ‘t’:
conftest.c:3: warning: implicit declaration of function ‘sqlite3_column_database_name’
/usr/bin/ld: skipping incompatible /usr/lib/libsqlite3.so when searching for -lsqlite3
/usr/bin/ld: skipping incompatible /usr/lib/libsqlite3.so when searching for -lsqlite3
/usr/bin/ld: skipping incompatible /usr/lib/librt.so when searching for -lrt
/usr/bin/ld: skipping incompatible /usr/lib/librt.a when searching for -lrt
/usr/bin/ld: skipping incompatible /usr/lib/libdl.so when searching for -ldl
/usr/bin/ld: skipping incompatible /usr/lib/libdl.a when searching for -ldl
/usr/bin/ld: skipping incompatible /usr/lib/libcrypt.so when searching for -lcrypt
/usr/bin/ld: skipping incompatible /usr/lib/libcrypt.a when searching for -lcrypt
/usr/bin/ld: skipping incompatible /usr/lib/libm.so when searching for -lm
/usr/bin/ld: skipping incompatible /usr/lib/libm.a when searching for -lm
/usr/bin/ld: skipping incompatible /usr/lib/libc.so when searching for -lc
/usr/bin/ld: skipping incompatible /usr/lib/libc.a when searching for -lc
/usr/bin/ld: skipping incompatible /usr/lib/libc.so when searching for -lc
/usr/bin/ld: skipping incompatible /usr/lib/libc.a when searching for -lc
/tmp/ccC1AVHI.o: In function `t':
/home/podzieko/allegroapp/artrhandpoducts/vendor/bundle/ruby/1.8/gems/sqlite3-1.3.11/ext/sqlite3/conftest.c:3: undefined reference to `sqlite3_column_database_name'
collect2: ld returned 1 exit status
checked program was:
/* begin */
1: /*top*/
2: int main() { return 0; }
3: int t() { sqlite3_column_database_name(); return 0; }
/* end */

--------------------

have_func: checking for sqlite3_enable_load_extension()... -------------------- no

"gcc -o conftest -I. -I/usr/lib/ruby/1.8/x86_64-linux -I.    -O2 -g -m64 -mtune=generic -Wall -fno-strict-aliasing  -fPIC   conftest.c  -L. -L/usr/lib -Wl,-R/usr/lib -L.  -rdynamic -Wl,-export-dynamic    -lsqlite3  -lruby-static -lsqlite3  -lrt -ldl -lcrypt -lm   -lc"
conftest.c: In function ‘t’:
conftest.c:3: error: ‘sqlite3_enable_load_extension’ undeclared (first use in this function)
conftest.c:3: error: (Each undeclared identifier is reported only once
conftest.c:3: error: for each function it appears in.)
checked program was:
/* begin */
1: /*top*/
2: int main() { return 0; }
3: int t() { void ((*volatile p)()); p = (void ((*)()))sqlite3_enable_load_extension; return 0; }
/* end */

"gcc -o conftest -I. -I/usr/lib/ruby/1.8/x86_64-linux -I.    -O2 -g -m64 -mtune=generic -Wall -fno-strict-aliasing  -fPIC   conftest.c  -L. -L/usr/lib -Wl,-R/usr/lib -L.  -rdynamic -Wl,-export-dynamic    -lsqlite3  -lruby-static -lsqlite3  -lrt -ldl -lcrypt -lm   -lc"
conftest.c: In function ‘t’:
conftest.c:3: warning: implicit declaration of function ‘sqlite3_enable_load_extension’
/usr/bin/ld: skipping incompatible /usr/lib/libsqlite3.so when searching for -lsqlite3
/usr/bin/ld: skipping incompatible /usr/lib/libsqlite3.so when searching for -lsqlite3
/usr/bin/ld: skipping incompatible /usr/lib/librt.so when searching for -lrt
/usr/bin/ld: skipping incompatible /usr/lib/librt.a when searching for -lrt
/usr/bin/ld: skipping incompatible /usr/lib/libdl.so when searching for -ldl
/usr/bin/ld: skipping incompatible /usr/lib/libdl.a when searching for -ldl
/usr/bin/ld: skipping incompatible /usr/lib/libcrypt.so when searching for -lcrypt
/usr/bin/ld: skipping incompatible /usr/lib/libcrypt.a when searching for -lcrypt
/usr/bin/ld: skipping incompatible /usr/lib/libm.so when searching for -lm
/usr/bin/ld: skipping incompatible /usr/lib/libm.a when searching for -lm
/usr/bin/ld: skipping incompatible /usr/lib/libc.so when searching for -lc
/usr/bin/ld: skipping incompatible /usr/lib/libc.a when searching for -lc
/usr/bin/ld: skipping incompatible /usr/lib/libc.so when searching for -lc
/usr/bin/ld: skipping incompatible /usr/lib/libc.a when searching for -lc
/tmp/ccC2Z3iX.o: In function `t':
/home/podzieko/allegroapp/artrhandpoducts/vendor/bundle/ruby/1.8/gems/sqlite3-1.3.11/ext/sqlite3/conftest.c:3: undefined reference to `sqlite3_enable_load_extension'
collect2: ld returned 1 exit status
checked program was:
/* begin */
1: /*top*/
2: int main() { return 0; }
3: int t() { sqlite3_enable_load_extension(); return 0; }
/* end */

--------------------

have_func: checking for sqlite3_load_extension()... -------------------- no

"gcc -o conftest -I. -I/usr/lib/ruby/1.8/x86_64-linux -I.    -O2 -g -m64 -mtune=generic -Wall -fno-strict-aliasing  -fPIC   conftest.c  -L. -L/usr/lib -Wl,-R/usr/lib -L.  -rdynamic -Wl,-export-dynamic    -lsqlite3  -lruby-static -lsqlite3  -lrt -ldl -lcrypt -lm   -lc"
conftest.c: In function ‘t’:
conftest.c:3: error: ‘sqlite3_load_extension’ undeclared (first use in this function)
conftest.c:3: error: (Each undeclared identifier is reported only once
conftest.c:3: error: for each function it appears in.)
checked program was:
/* begin */
1: /*top*/
2: int main() { return 0; }
3: int t() { void ((*volatile p)()); p = (void ((*)()))sqlite3_load_extension; return 0; }
/* end */

"gcc -o conftest -I. -I/usr/lib/ruby/1.8/x86_64-linux -I.    -O2 -g -m64 -mtune=generic -Wall -fno-strict-aliasing  -fPIC   conftest.c  -L. -L/usr/lib -Wl,-R/usr/lib -L.  -rdynamic -Wl,-export-dynamic    -lsqlite3  -lruby-static -lsqlite3  -lrt -ldl -lcrypt -lm   -lc"
conftest.c: In function ‘t’:
conftest.c:3: warning: implicit declaration of function ‘sqlite3_load_extension’
/usr/bin/ld: skipping incompatible /usr/lib/libsqlite3.so when searching for -lsqlite3
/usr/bin/ld: skipping incompatible /usr/lib/libsqlite3.so when searching for -lsqlite3
/usr/bin/ld: skipping incompatible /usr/lib/librt.so when searching for -lrt
/usr/bin/ld: skipping incompatible /usr/lib/librt.a when searching for -lrt
/usr/bin/ld: skipping incompatible /usr/lib/libdl.so when searching for -ldl
/usr/bin/ld: skipping incompatible /usr/lib/libdl.a when searching for -ldl
/usr/bin/ld: skipping incompatible /usr/lib/libcrypt.so when searching for -lcrypt
/usr/bin/ld: skipping incompatible /usr/lib/libcrypt.a when searching for -lcrypt
/usr/bin/ld: skipping incompatible /usr/lib/libm.so when searching for -lm
/usr/bin/ld: skipping incompatible /usr/lib/libm.a when searching for -lm
/usr/bin/ld: skipping incompatible /usr/lib/libc.so when searching for -lc
/usr/bin/ld: skipping incompatible /usr/lib/libc.a when searching for -lc
/usr/bin/ld: skipping incompatible /usr/lib/libc.so when searching for -lc
/usr/bin/ld: skipping incompatible /usr/lib/libc.a when searching for -lc
/tmp/ccujtnH9.o: In function `t':
/home/podzieko/allegroapp/artrhandpoducts/vendor/bundle/ruby/1.8/gems/sqlite3-1.3.11/ext/sqlite3/conftest.c:3: undefined reference to `sqlite3_load_extension'
collect2: ld returned 1 exit status
checked program was:
/* begin */
1: /*top*/
2: int main() { return 0; }
3: int t() { sqlite3_load_extension(); return 0; }
/* end */

--------------------

have_func: checking for sqlite3_open_v2()... -------------------- no

"gcc -o conftest -I. -I/usr/lib/ruby/1.8/x86_64-linux -I.    -O2 -g -m64 -mtune=generic -Wall -fno-strict-aliasing  -fPIC   conftest.c  -L. -L/usr/lib -Wl,-R/usr/lib -L.  -rdynamic -Wl,-export-dynamic    -lsqlite3  -lruby-static -lsqlite3  -lrt -ldl -lcrypt -lm   -lc"
conftest.c: In function ‘t’:
conftest.c:3: error: ‘sqlite3_open_v2’ undeclared (first use in this function)
conftest.c:3: error: (Each undeclared identifier is reported only once
conftest.c:3: error: for each function it appears in.)
checked program was:
/* begin */
1: /*top*/
2: int main() { return 0; }
3: int t() { void ((*volatile p)()); p = (void ((*)()))sqlite3_open_v2; return 0; }
/* end */

"gcc -o conftest -I. -I/usr/lib/ruby/1.8/x86_64-linux -I.    -O2 -g -m64 -mtune=generic -Wall -fno-strict-aliasing  -fPIC   conftest.c  -L. -L/usr/lib -Wl,-R/usr/lib -L.  -rdynamic -Wl,-export-dynamic    -lsqlite3  -lruby-static -lsqlite3  -lrt -ldl -lcrypt -lm   -lc"
conftest.c: In function ‘t’:
conftest.c:3: warning: implicit declaration of function ‘sqlite3_open_v2’
/usr/bin/ld: skipping incompatible /usr/lib/libsqlite3.so when searching for -lsqlite3
/usr/bin/ld: skipping incompatible /usr/lib/libsqlite3.so when searching for -lsqlite3
/usr/bin/ld: skipping incompatible /usr/lib/librt.so when searching for -lrt
/usr/bin/ld: skipping incompatible /usr/lib/librt.a when searching for -lrt
/usr/bin/ld: skipping incompatible /usr/lib/libdl.so when searching for -ldl
/usr/bin/ld: skipping incompatible /usr/lib/libdl.a when searching for -ldl
/usr/bin/ld: skipping incompatible /usr/lib/libcrypt.so when searching for -lcrypt
/usr/bin/ld: skipping incompatible /usr/lib/libcrypt.a when searching for -lcrypt
/usr/bin/ld: skipping incompatible /usr/lib/libm.so when searching for -lm
/usr/bin/ld: skipping incompatible /usr/lib/libm.a when searching for -lm
/usr/bin/ld: skipping incompatible /usr/lib/libc.so when searching for -lc
/usr/bin/ld: skipping incompatible /usr/lib/libc.a when searching for -lc
/usr/bin/ld: skipping incompatible /usr/lib/libc.so when searching for -lc
/usr/bin/ld: skipping incompatible /usr/lib/libc.a when searching for -lc
/tmp/ccsPAiCn.o: In function `t':
/home/podzieko/allegroapp/artrhandpoducts/vendor/bundle/ruby/1.8/gems/sqlite3-1.3.11/ext/sqlite3/conftest.c:3: undefined reference to `sqlite3_open_v2'
collect2: ld returned 1 exit status
checked program was:
/* begin */
1: /*top*/
2: int main() { return 0; }
3: int t() { sqlite3_open_v2(); return 0; }
/* end */

--------------------

have_func: checking for sqlite3_prepare_v2()... -------------------- no

"gcc -o conftest -I. -I/usr/lib/ruby/1.8/x86_64-linux -I.    -O2 -g -m64 -mtune=generic -Wall -fno-strict-aliasing  -fPIC   conftest.c  -L. -L/usr/lib -Wl,-R/usr/lib -L.  -rdynamic -Wl,-export-dynamic    -lsqlite3  -lruby-static -lsqlite3  -lrt -ldl -lcrypt -lm   -lc"
conftest.c: In function ‘t’:
conftest.c:3: error: ‘sqlite3_prepare_v2’ undeclared (first use in this function)
conftest.c:3: error: (Each undeclared identifier is reported only once
conftest.c:3: error: for each function it appears in.)
checked program was:
/* begin */
1: /*top*/
2: int main() { return 0; }
3: int t() { void ((*volatile p)()); p = (void ((*)()))sqlite3_prepare_v2; return 0; }
/* end */

"gcc -o conftest -I. -I/usr/lib/ruby/1.8/x86_64-linux -I.    -O2 -g -m64 -mtune=generic -Wall -fno-strict-aliasing  -fPIC   conftest.c  -L. -L/usr/lib -Wl,-R/usr/lib -L.  -rdynamic -Wl,-export-dynamic    -lsqlite3  -lruby-static -lsqlite3  -lrt -ldl -lcrypt -lm   -lc"
conftest.c: In function ‘t’:
conftest.c:3: warning: implicit declaration of function ‘sqlite3_prepare_v2’
/usr/bin/ld: skipping incompatible /usr/lib/libsqlite3.so when searching for -lsqlite3
/usr/bin/ld: skipping incompatible /usr/lib/libsqlite3.so when searching for -lsqlite3
/usr/bin/ld: skipping incompatible /usr/lib/librt.so when searching for -lrt
/usr/bin/ld: skipping incompatible /usr/lib/librt.a when searching for -lrt
/usr/bin/ld: skipping incompatible /usr/lib/libdl.so when searching for -ldl
/usr/bin/ld: skipping incompatible /usr/lib/libdl.a when searching for -ldl
/usr/bin/ld: skipping incompatible /usr/lib/libcrypt.so when searching for -lcrypt
/usr/bin/ld: skipping incompatible /usr/lib/libcrypt.a when searching for -lcrypt
/usr/bin/ld: skipping incompatible /usr/lib/libm.so when searching for -lm
/usr/bin/ld: skipping incompatible /usr/lib/libm.a when searching for -lm
/usr/bin/ld: skipping incompatible /usr/lib/libc.so when searching for -lc
/usr/bin/ld: skipping incompatible /usr/lib/libc.a when searching for -lc
/usr/bin/ld: skipping incompatible /usr/lib/libc.so when searching for -lc
/usr/bin/ld: skipping incompatible /usr/lib/libc.a when searching for -lc
/tmp/ccWKRQWi.o: In function `t':
/home/podzieko/allegroapp/artrhandpoducts/vendor/bundle/ruby/1.8/gems/sqlite3-1.3.11/ext/sqlite3/conftest.c:3: undefined reference to `sqlite3_prepare_v2'
collect2: ld returned 1 exit status
checked program was:
/* begin */
1: /*top*/
2: int main() { return 0; }
3: int t() { sqlite3_prepare_v2(); return 0; }
/* end */

--------------------

have_type: checking for sqlite3_int64 in sqlite3.h... -------------------- no

"gcc -I. -I/usr/lib/ruby/1.8/x86_64-linux -I.    -O2 -g -m64 -mtune=generic -Wall -fno-strict-aliasing  -fPIC     -c conftest.c"
conftest.c:4: error: expected ‘=’, ‘,’, ‘;’, ‘asm’ or ‘__attribute__’ before ‘conftest_type’
conftest.c:5: error: ‘conftest_type’ undeclared here (not in a function)
checked program was:
/* begin */
1: #include <sqlite3.h>
2: 
3: /*top*/
4: typedef sqlite3_int64 conftest_type;
5: int conftestval[sizeof(conftest_type)?1:-1];
/* end */

--------------------

have_type: checking for sqlite3_uint64 in sqlite3.h... -------------------- no

"gcc -I. -I/usr/lib/ruby/1.8/x86_64-linux -I.    -O2 -g -m64 -mtune=generic -Wall -fno-strict-aliasing  -fPIC     -c conftest.c"
conftest.c:4: error: expected ‘=’, ‘,’, ‘;’, ‘asm’ or ‘__attribute__’ before ‘conftest_type’
conftest.c:5: error: ‘conftest_type’ undeclared here (not in a function)
checked program was:
/* begin */
1: #include <sqlite3.h>
2: 
3: /*top*/
4: typedef sqlite3_uint64 conftest_type;
5: int conftestval[sizeof(conftest_type)?1:-1];
/* end */

--------------------

